SDC Constraints report for Example-Project
Fri Sep 20 15:31:15 2024
Quartus Prime Version 24.1.0 Build 115 03/21/2024 SC Pro Edition


---------------------
; Table of Contents ;
---------------------
  1. Post-Elaboration Constraints
  2. Post-Synthesis Constraints



+--------------------------------------------------------------------------------------------------------------------------------------------+
; Post-Elaboration Constraints                                                                                                               ;
+---------------+--------------------------+-------------------------------------------------------------------------------------+-----------+
; Constraint ID ; Command                  ; Value and Target Options                                                            ; File Name ;
+---------------+--------------------------+-------------------------------------------------------------------------------------+-----------+
; 0             ; SDC::stmt_of_source_file ; [-qip] { dni/sandboxes/parma_1635841_0/sld/ipgen/alt_sld_fab_0/alt_sld_fab_0.qip }  ; :0        ;
+---------------+--------------------------+-------------------------------------------------------------------------------------+-----------+


+--------------------------------------------------------------------------------------------------------------------------------------------+
; Post-Synthesis Constraints                                                                                                                 ;
+---------------+--------------------------+-------------------------------------------------------------------------------------+-----------+
; Constraint ID ; Command                  ; Value and Target Options                                                            ; File Name ;
+---------------+--------------------------+-------------------------------------------------------------------------------------+-----------+
; 0             ; SDC::stmt_of_source_file ; [-qip] { dni/sandboxes/parma_1635841_0/sld/ipgen/alt_sld_fab_0/alt_sld_fab_0.qip }  ; :0        ;
+---------------+--------------------------+-------------------------------------------------------------------------------------+-----------+


